{"C:\\Users\\hlukhanina\\Downloads\\react-new - Copy\\services\\firebase.jsx": {"path":"C:\\Users\\hlukhanina\\Downloads\\react-new - Copy\\services\\firebase.jsx","statementMap":{"0":{"start":{"line":5,"column":23},"end":{"line":12,"column":1}},"1":{"start":{"line":14,"column":12},"end":{"line":14,"column":41}},"2":{"start":{"line":16,"column":28},"end":{"line":16,"column":40}},"3":{"start":{"line":18,"column":22},"end":{"line":18,"column":116}},"4":{"start":{"line":18,"column":49},"end":{"line":18,"column":116}},"5":{"start":{"line":20,"column":22},"end":{"line":20,"column":112}},"6":{"start":{"line":20,"column":49},"end":{"line":20,"column":112}},"7":{"start":{"line":22,"column":22},"end":{"line":22,"column":61}},"8":{"start":{"line":22,"column":34},"end":{"line":22,"column":61}},"9":{"start":{"line":24,"column":18},"end":{"line":24,"column":34}},"10":{"start":{"line":26,"column":23},"end":{"line":26,"column":38}},"11":{"start":{"line":27,"column":24},"end":{"line":27,"column":40}},"12":{"start":{"line":29,"column":27},"end":{"line":29,"column":65}},"13":{"start":{"line":29,"column":39},"end":{"line":29,"column":65}}},"fnMap":{"0":{"name":"(anonymous_0)","decl":{"start":{"line":18,"column":22},"end":{"line":18,"column":23}},"loc":{"start":{"line":18,"column":49},"end":{"line":18,"column":116}},"line":18},"1":{"name":"(anonymous_1)","decl":{"start":{"line":20,"column":22},"end":{"line":20,"column":23}},"loc":{"start":{"line":20,"column":49},"end":{"line":20,"column":112}},"line":20},"2":{"name":"(anonymous_2)","decl":{"start":{"line":22,"column":22},"end":{"line":22,"column":23}},"loc":{"start":{"line":22,"column":34},"end":{"line":22,"column":61}},"line":22},"3":{"name":"(anonymous_3)","decl":{"start":{"line":29,"column":27},"end":{"line":29,"column":28}},"loc":{"start":{"line":29,"column":39},"end":{"line":29,"column":65}},"line":29}},"branchMap":{},"s":{"0":1,"1":1,"2":1,"3":1,"4":0,"5":1,"6":0,"7":1,"8":0,"9":1,"10":1,"11":1,"12":1,"13":0},"f":{"0":0,"1":0,"2":0,"3":0},"b":{},"_coverageSchema":"1a1c01bbd47fc00a2c39e90264f33305004495a9","hash":"1728aebd88908f20a2bc5e8e110602556e639049"}
,"C:\\Users\\hlukhanina\\Downloads\\react-new - Copy\\src\\components\\MessagesPage\\MessageList\\MessageList.jsx": {"path":"C:\\Users\\hlukhanina\\Downloads\\react-new - Copy\\src\\components\\MessagesPage\\MessageList\\MessageList.jsx","statementMap":{"0":{"start":{"line":12,"column":21},"end":{"line":12,"column":32}},"1":{"start":{"line":13,"column":20},"end":{"line":13,"column":53}},"2":{"start":{"line":13,"column":43},"end":{"line":13,"column":52}},"3":{"start":{"line":14,"column":22},"end":{"line":14,"column":91}},"4":{"start":{"line":15,"column":19},"end":{"line":15,"column":32}},"5":{"start":{"line":16,"column":18},"end":{"line":16,"column":63}},"6":{"start":{"line":16,"column":41},"end":{"line":16,"column":62}},"7":{"start":{"line":17,"column":17},"end":{"line":17,"column":25}},"8":{"start":{"line":18,"column":32},"end":{"line":18,"column":47}},"9":{"start":{"line":19,"column":28},"end":{"line":19,"column":42}},"10":{"start":{"line":21,"column":22},"end":{"line":26,"column":3}},"11":{"start":{"line":22,"column":4},"end":{"line":22,"column":27}},"12":{"start":{"line":23,"column":15},"end":{"line":23,"column":47}},"13":{"start":{"line":24,"column":4},"end":{"line":24,"column":75}},"14":{"start":{"line":25,"column":4},"end":{"line":25,"column":18}},"15":{"start":{"line":28,"column":23},"end":{"line":33,"column":3}},"16":{"start":{"line":29,"column":4},"end":{"line":32,"column":5}},"17":{"start":{"line":30,"column":9},"end":{"line":32,"column":5}},"18":{"start":{"line":31,"column":6},"end":{"line":31,"column":24}},"19":{"start":{"line":35,"column":18},"end":{"line":60,"column":3}},"20":{"start":{"line":36,"column":19},"end":{"line":46,"column":5}},"21":{"start":{"line":47,"column":4},"end":{"line":47,"column":21}},"22":{"start":{"line":48,"column":4},"end":{"line":48,"column":19}},"23":{"start":{"line":49,"column":4},"end":{"line":59,"column":5}},"24":{"start":{"line":50,"column":22},"end":{"line":50,"column":24}},"25":{"start":{"line":51,"column":26},"end":{"line":51,"column":55}},"26":{"start":{"line":52,"column":6},"end":{"line":52,"column":74}},"27":{"start":{"line":53,"column":6},"end":{"line":53,"column":31}},"28":{"start":{"line":54,"column":6},"end":{"line":54,"column":46}},"29":{"start":{"line":56,"column":6},"end":{"line":56,"column":30}},"30":{"start":{"line":58,"column":6},"end":{"line":58,"column":23}},"31":{"start":{"line":62,"column":22},"end":{"line":71,"column":4}},"32":{"start":{"line":63,"column":4},"end":{"line":70,"column":5}},"33":{"start":{"line":64,"column":6},"end":{"line":65,"column":63}},"34":{"start":{"line":67,"column":9},"end":{"line":70,"column":5}},"35":{"start":{"line":68,"column":6},"end":{"line":69,"column":47}},"36":{"start":{"line":73,"column":2},"end":{"line":76,"column":27}},"37":{"start":{"line":74,"column":18},"end":{"line":75,"column":45}},"38":{"start":{"line":75,"column":6},"end":{"line":75,"column":39}},"39":{"start":{"line":78,"column":2},"end":{"line":85,"column":30}},"40":{"start":{"line":79,"column":4},"end":{"line":85,"column":5}},"41":{"start":{"line":80,"column":20},"end":{"line":81,"column":30}},"42":{"start":{"line":81,"column":8},"end":{"line":81,"column":23}},"43":{"start":{"line":82,"column":6},"end":{"line":84,"column":7}},"44":{"start":{"line":83,"column":8},"end":{"line":83,"column":27}},"45":{"start":{"line":87,"column":2},"end":{"line":95,"column":3}}},"fnMap":{"0":{"name":"MessageList","decl":{"start":{"line":11,"column":16},"end":{"line":11,"column":27}},"loc":{"start":{"line":11,"column":30},"end":{"line":96,"column":1}},"line":11},"1":{"name":"(anonymous_1)","decl":{"start":{"line":13,"column":32},"end":{"line":13,"column":33}},"loc":{"start":{"line":13,"column":43},"end":{"line":13,"column":52}},"line":13},"2":{"name":"(anonymous_2)","decl":{"start":{"line":16,"column":30},"end":{"line":16,"column":31}},"loc":{"start":{"line":16,"column":41},"end":{"line":16,"column":62}},"line":16},"3":{"name":"(anonymous_3)","decl":{"start":{"line":21,"column":22},"end":{"line":21,"column":23}},"loc":{"start":{"line":21,"column":33},"end":{"line":26,"column":3}},"line":21},"4":{"name":"(anonymous_4)","decl":{"start":{"line":28,"column":23},"end":{"line":28,"column":24}},"loc":{"start":{"line":28,"column":34},"end":{"line":33,"column":3}},"line":28},"5":{"name":"(anonymous_5)","decl":{"start":{"line":35,"column":18},"end":{"line":35,"column":19}},"loc":{"start":{"line":35,"column":55},"end":{"line":60,"column":3}},"line":35},"6":{"name":"(anonymous_6)","decl":{"start":{"line":62,"column":39},"end":{"line":62,"column":40}},"loc":{"start":{"line":62,"column":52},"end":{"line":71,"column":3}},"line":62},"7":{"name":"(anonymous_7)","decl":{"start":{"line":73,"column":18},"end":{"line":73,"column":19}},"loc":{"start":{"line":73,"column":24},"end":{"line":76,"column":3}},"line":73},"8":{"name":"(anonymous_8)","decl":{"start":{"line":74,"column":29},"end":{"line":74,"column":30}},"loc":{"start":{"line":75,"column":6},"end":{"line":75,"column":39}},"line":75},"9":{"name":"(anonymous_9)","decl":{"start":{"line":78,"column":12},"end":{"line":78,"column":13}},"loc":{"start":{"line":78,"column":18},"end":{"line":85,"column":6}},"line":78},"10":{"name":"(anonymous_10)","decl":{"start":{"line":80,"column":31},"end":{"line":80,"column":32}},"loc":{"start":{"line":81,"column":8},"end":{"line":81,"column":23}},"line":81},"11":{"name":"(anonymous_11)","decl":{"start":{"line":82,"column":13},"end":{"line":82,"column":14}},"loc":{"start":{"line":82,"column":19},"end":{"line":84,"column":7}},"line":82}},"branchMap":{"0":{"loc":{"start":{"line":14,"column":22},"end":{"line":14,"column":91}},"type":"binary-expr","locations":[{"start":{"line":14,"column":22},"end":{"line":14,"column":45}},{"start":{"line":14,"column":49},"end":{"line":14,"column":91}}],"line":14},"1":{"loc":{"start":{"line":24,"column":4},"end":{"line":24,"column":74}},"type":"cond-expr","locations":[{"start":{"line":24,"column":15},"end":{"line":24,"column":69}},{"start":{"line":24,"column":72},"end":{"line":24,"column":74}}],"line":24},"2":{"loc":{"start":{"line":29,"column":4},"end":{"line":32,"column":5}},"type":"if","locations":[{"start":{"line":29,"column":4},"end":{"line":32,"column":5}},{"start":{"line":30,"column":9},"end":{"line":32,"column":5}}],"line":29},"3":{"loc":{"start":{"line":29,"column":8},"end":{"line":29,"column":48}},"type":"binary-expr","locations":[{"start":{"line":29,"column":8},"end":{"line":29,"column":30}},{"start":{"line":29,"column":34},"end":{"line":29,"column":48}}],"line":29},"4":{"loc":{"start":{"line":30,"column":9},"end":{"line":32,"column":5}},"type":"if","locations":[{"start":{"line":30,"column":9},"end":{"line":32,"column":5}},{"start":{},"end":{}}],"line":30},"5":{"loc":{"start":{"line":30,"column":13},"end":{"line":30,"column":46}},"type":"binary-expr","locations":[{"start":{"line":30,"column":13},"end":{"line":30,"column":35}},{"start":{"line":30,"column":39},"end":{"line":30,"column":46}}],"line":30},"6":{"loc":{"start":{"line":38,"column":14},"end":{"line":38,"column":27}},"type":"binary-expr","locations":[{"start":{"line":38,"column":14},"end":{"line":38,"column":18}},{"start":{"line":38,"column":22},"end":{"line":38,"column":27}}],"line":38},"7":{"loc":{"start":{"line":39,"column":12},"end":{"line":39,"column":19}},"type":"binary-expr","locations":[{"start":{"line":39,"column":12},"end":{"line":39,"column":14}},{"start":{"line":39,"column":18},"end":{"line":39,"column":19}}],"line":39},"8":{"loc":{"start":{"line":42,"column":12},"end":{"line":42,"column":30}},"type":"binary-expr","locations":[{"start":{"line":42,"column":12},"end":{"line":42,"column":16}},{"start":{"line":42,"column":20},"end":{"line":42,"column":30}}],"line":42},"9":{"loc":{"start":{"line":45,"column":12},"end":{"line":45,"column":33}},"type":"binary-expr","locations":[{"start":{"line":45,"column":12},"end":{"line":45,"column":19}},{"start":{"line":45,"column":23},"end":{"line":45,"column":33}}],"line":45},"10":{"loc":{"start":{"line":63,"column":4},"end":{"line":70,"column":5}},"type":"if","locations":[{"start":{"line":63,"column":4},"end":{"line":70,"column":5}},{"start":{"line":67,"column":9},"end":{"line":70,"column":5}}],"line":63},"11":{"loc":{"start":{"line":63,"column":8},"end":{"line":63,"column":59}},"type":"binary-expr","locations":[{"start":{"line":63,"column":8},"end":{"line":63,"column":39}},{"start":{"line":63,"column":43},"end":{"line":63,"column":59}}],"line":63},"12":{"loc":{"start":{"line":67,"column":9},"end":{"line":70,"column":5}},"type":"if","locations":[{"start":{"line":67,"column":9},"end":{"line":70,"column":5}},{"start":{},"end":{}}],"line":67},"13":{"loc":{"start":{"line":79,"column":4},"end":{"line":85,"column":5}},"type":"if","locations":[{"start":{"line":79,"column":4},"end":{"line":85,"column":5}},{"start":{},"end":{}}],"line":79},"14":{"loc":{"start":{"line":89,"column":7},"end":{"line":89,"column":60}},"type":"binary-expr","locations":[{"start":{"line":89,"column":7},"end":{"line":89,"column":14}},{"start":{"line":89,"column":18},"end":{"line":89,"column":60}}],"line":89},"15":{"loc":{"start":{"line":90,"column":7},"end":{"line":92,"column":13}},"type":"binary-expr","locations":[{"start":{"line":90,"column":7},"end":{"line":90,"column":18}},{"start":{"line":90,"column":23},"end":{"line":92,"column":12}}],"line":90}},"s":{"0":1,"1":1,"2":1,"3":1,"4":1,"5":1,"6":1,"7":1,"8":1,"9":1,"10":1,"11":0,"12":0,"13":0,"14":0,"15":1,"16":0,"17":0,"18":0,"19":1,"20":0,"21":0,"22":0,"23":0,"24":0,"25":0,"26":0,"27":0,"28":0,"29":0,"30":0,"31":1,"32":3,"33":1,"34":2,"35":1,"36":1,"37":1,"38":0,"39":1,"40":1,"41":1,"42":0,"43":1,"44":1,"45":1},"f":{"0":1,"1":1,"2":1,"3":0,"4":0,"5":0,"6":3,"7":1,"8":0,"9":1,"10":0,"11":1},"b":{"0":[1,1],"1":[0,0],"2":[0,0],"3":[0,0],"4":[0,0],"5":[0,0],"6":[0,0],"7":[0,0],"8":[0,0],"9":[0,0],"10":[1,2],"11":[3,1],"12":[1,1],"13":[1,0],"14":[1,0],"15":[1,1]},"_coverageSchema":"1a1c01bbd47fc00a2c39e90264f33305004495a9","hash":"c2523bf7c03d084c2efe7c72b5c6048804c8f9c3"}
,"C:\\Users\\hlukhanina\\Downloads\\react-new - Copy\\src\\components\\MessagesPage\\components\\Message\\Message.jsx": {"path":"C:\\Users\\hlukhanina\\Downloads\\react-new - Copy\\src\\components\\MessagesPage\\components\\Message\\Message.jsx","statementMap":{"0":{"start":{"line":5,"column":2},"end":{"line":12,"column":3}}},"fnMap":{"0":{"name":"(anonymous_0)","decl":{"start":{"line":4,"column":15},"end":{"line":4,"column":16}},"loc":{"start":{"line":4,"column":38},"end":{"line":13,"column":1}},"line":4}},"branchMap":{"0":{"loc":{"start":{"line":6,"column":31},"end":{"line":6,"column":95}},"type":"cond-expr","locations":[{"start":{"line":6,"column":58},"end":{"line":6,"column":73}},{"start":{"line":6,"column":76},"end":{"line":6,"column":95}}],"line":6}},"s":{"0":3},"f":{"0":3},"b":{"0":[1,2]},"_coverageSchema":"1a1c01bbd47fc00a2c39e90264f33305004495a9","hash":"f66d4508a8d6ce3dde2aee622770f8acff4a5b78"}
,"C:\\Users\\hlukhanina\\Downloads\\react-new - Copy\\src\\components\\MessagesPage\\components\\Send\\Send.jsx": {"path":"C:\\Users\\hlukhanina\\Downloads\\react-new - Copy\\src\\components\\MessagesPage\\components\\Send\\Send.jsx","statementMap":{"0":{"start":{"line":7,"column":2},"end":{"line":12,"column":3}}},"fnMap":{"0":{"name":"(anonymous_0)","decl":{"start":{"line":6,"column":15},"end":{"line":6,"column":16}},"loc":{"start":{"line":6,"column":48},"end":{"line":13,"column":1}},"line":6}},"branchMap":{},"s":{"0":1},"f":{"0":1},"b":{},"_coverageSchema":"1a1c01bbd47fc00a2c39e90264f33305004495a9","hash":"b954aad3839c295808df0dd5aa0abbcdcc65b6d9"}
,"C:\\Users\\hlukhanina\\Downloads\\react-new - Copy\\src\\components\\MessagesPage\\components\\Send\\Button\\Button.jsx": {"path":"C:\\Users\\hlukhanina\\Downloads\\react-new - Copy\\src\\components\\MessagesPage\\components\\Send\\Button\\Button.jsx","statementMap":{"0":{"start":{"line":6,"column":2},"end":{"line":13,"column":15}}},"fnMap":{"0":{"name":"(anonymous_0)","decl":{"start":{"line":5,"column":15},"end":{"line":5,"column":16}},"loc":{"start":{"line":5,"column":34},"end":{"line":14,"column":1}},"line":5}},"branchMap":{},"s":{"0":3},"f":{"0":3},"b":{},"_coverageSchema":"1a1c01bbd47fc00a2c39e90264f33305004495a9","hash":"5b038a829ff290fe7c5bf297e36711ce3e6ff2b3"}
,"C:\\Users\\hlukhanina\\Downloads\\react-new - Copy\\src\\components\\MessagesPage\\components\\Send\\Textarea\\Textarea.jsx": {"path":"C:\\Users\\hlukhanina\\Downloads\\react-new - Copy\\src\\components\\MessagesPage\\components\\Send\\Textarea\\Textarea.jsx","statementMap":{"0":{"start":{"line":8,"column":25},"end":{"line":8,"column":37}},"1":{"start":{"line":9,"column":2},"end":{"line":11,"column":5}},"2":{"start":{"line":10,"column":4},"end":{"line":10,"column":35}},"3":{"start":{"line":12,"column":16},"end":{"line":12,"column":26}},"4":{"start":{"line":13,"column":2},"end":{"line":30,"column":3}}},"fnMap":{"0":{"name":"(anonymous_0)","decl":{"start":{"line":7,"column":15},"end":{"line":7,"column":16}},"loc":{"start":{"line":7,"column":35},"end":{"line":31,"column":1}},"line":7},"1":{"name":"(anonymous_1)","decl":{"start":{"line":9,"column":12},"end":{"line":9,"column":13}},"loc":{"start":{"line":9,"column":18},"end":{"line":11,"column":3}},"line":9}},"branchMap":{},"s":{"0":1,"1":1,"2":1,"3":1,"4":1},"f":{"0":1,"1":1},"b":{},"_coverageSchema":"1a1c01bbd47fc00a2c39e90264f33305004495a9","hash":"cb619eed035f5821801c02745432eeb9b4502c6b"}
,"C:\\Users\\hlukhanina\\Downloads\\react-new - Copy\\src\\store\\msgReducer.jsx": {"path":"C:\\Users\\hlukhanina\\Downloads\\react-new - Copy\\src\\store\\msgReducer.jsx","statementMap":{"0":{"start":{"line":1,"column":28},"end":{"line":3,"column":1}},"1":{"start":{"line":5,"column":23},"end":{"line":8,"column":2}},"2":{"start":{"line":5,"column":34},"end":{"line":8,"column":1}},"3":{"start":{"line":10,"column":23},"end":{"line":13,"column":2}},"4":{"start":{"line":10,"column":34},"end":{"line":13,"column":1}},"5":{"start":{"line":15,"column":25},"end":{"line":18,"column":2}},"6":{"start":{"line":15,"column":36},"end":{"line":18,"column":1}},"7":{"start":{"line":20,"column":23},"end":{"line":23,"column":2}},"8":{"start":{"line":20,"column":34},"end":{"line":23,"column":1}},"9":{"start":{"line":25,"column":26},"end":{"line":51,"column":1}},"10":{"start":{"line":26,"column":2},"end":{"line":50,"column":3}},"11":{"start":{"line":28,"column":4},"end":{"line":33,"column":5}},"12":{"start":{"line":35,"column":4},"end":{"line":35,"column":39}},"13":{"start":{"line":36,"column":4},"end":{"line":38,"column":5}},"14":{"start":{"line":40,"column":4},"end":{"line":40,"column":75}},"15":{"start":{"line":41,"column":4},"end":{"line":43,"column":5}},"16":{"start":{"line":45,"column":4},"end":{"line":47,"column":5}},"17":{"start":{"line":49,"column":4},"end":{"line":49,"column":16}}},"fnMap":{"0":{"name":"(anonymous_0)","decl":{"start":{"line":5,"column":23},"end":{"line":5,"column":24}},"loc":{"start":{"line":5,"column":34},"end":{"line":8,"column":1}},"line":5},"1":{"name":"(anonymous_1)","decl":{"start":{"line":10,"column":23},"end":{"line":10,"column":24}},"loc":{"start":{"line":10,"column":34},"end":{"line":13,"column":1}},"line":10},"2":{"name":"(anonymous_2)","decl":{"start":{"line":15,"column":25},"end":{"line":15,"column":26}},"loc":{"start":{"line":15,"column":36},"end":{"line":18,"column":1}},"line":15},"3":{"name":"(anonymous_3)","decl":{"start":{"line":20,"column":23},"end":{"line":20,"column":24}},"loc":{"start":{"line":20,"column":34},"end":{"line":23,"column":1}},"line":20},"4":{"name":"(anonymous_4)","decl":{"start":{"line":25,"column":26},"end":{"line":25,"column":27}},"loc":{"start":{"line":25,"column":60},"end":{"line":51,"column":1}},"line":25}},"branchMap":{"0":{"loc":{"start":{"line":25,"column":27},"end":{"line":25,"column":47}},"type":"default-arg","locations":[{"start":{"line":25,"column":35},"end":{"line":25,"column":47}}],"line":25},"1":{"loc":{"start":{"line":26,"column":2},"end":{"line":50,"column":3}},"type":"switch","locations":[{"start":{"line":27,"column":2},"end":{"line":33,"column":5}},{"start":{"line":34,"column":2},"end":{"line":38,"column":5}},{"start":{"line":39,"column":2},"end":{"line":43,"column":5}},{"start":{"line":44,"column":2},"end":{"line":47,"column":5}},{"start":{"line":48,"column":2},"end":{"line":49,"column":16}}],"line":26}},"s":{"0":2,"1":2,"2":1,"3":2,"4":1,"5":2,"6":1,"7":2,"8":1,"9":2,"10":5,"11":1,"12":1,"13":1,"14":1,"15":1,"16":1,"17":1},"f":{"0":1,"1":1,"2":1,"3":1,"4":5},"b":{"0":[1],"1":[1,1,1,1,1]},"_coverageSchema":"1a1c01bbd47fc00a2c39e90264f33305004495a9","hash":"0f3c09ad6dc04c99f0b1762d3016b3bcee0f3cba"}
}
