TN:
SF:services\firebase.jsx
FN:18,(anonymous_0)
FN:20,(anonymous_1)
FN:22,(anonymous_2)
FN:29,(anonymous_3)
FNF:4
FNH:0
FNDA:0,(anonymous_0)
FNDA:0,(anonymous_1)
FNDA:0,(anonymous_2)
FNDA:0,(anonymous_3)
DA:5,1
DA:14,1
DA:16,1
DA:18,1
DA:20,1
DA:22,1
DA:24,1
DA:26,1
DA:27,1
DA:29,1
LF:10
LH:10
BRF:0
BRH:0
end_of_record
TN:
SF:src\components\MessagesPage\MessageList\MessageList.jsx
FN:11,MessageList
FN:13,(anonymous_1)
FN:16,(anonymous_2)
FN:21,(anonymous_3)
FN:28,(anonymous_4)
FN:35,(anonymous_5)
FN:62,(anonymous_6)
FN:73,(anonymous_7)
FN:74,(anonymous_8)
FN:78,(anonymous_9)
FN:80,(anonymous_10)
FN:82,(anonymous_11)
FNF:12
FNH:7
FNDA:1,MessageList
FNDA:1,(anonymous_1)
FNDA:1,(anonymous_2)
FNDA:0,(anonymous_3)
FNDA:0,(anonymous_4)
FNDA:0,(anonymous_5)
FNDA:3,(anonymous_6)
FNDA:1,(anonymous_7)
FNDA:0,(anonymous_8)
FNDA:1,(anonymous_9)
FNDA:0,(anonymous_10)
FNDA:1,(anonymous_11)
DA:12,1
DA:13,1
DA:14,1
DA:15,1
DA:16,1
DA:17,1
DA:18,1
DA:19,1
DA:21,1
DA:22,0
DA:23,0
DA:24,0
DA:25,0
DA:28,1
DA:29,0
DA:30,0
DA:31,0
DA:35,1
DA:36,0
DA:47,0
DA:48,0
DA:49,0
DA:50,0
DA:51,0
DA:52,0
DA:53,0
DA:54,0
DA:56,0
DA:58,0
DA:62,1
DA:63,3
DA:64,1
DA:67,2
DA:68,1
DA:73,1
DA:74,1
DA:75,0
DA:78,1
DA:79,1
DA:80,1
DA:81,0
DA:82,1
DA:83,1
DA:87,1
LF:44
LH:24
BRDA:14,0,0,1
BRDA:14,0,1,1
BRDA:24,1,0,0
BRDA:24,1,1,0
BRDA:29,2,0,0
BRDA:29,2,1,0
BRDA:29,3,0,0
BRDA:29,3,1,0
BRDA:30,4,0,0
BRDA:30,4,1,0
BRDA:30,5,0,0
BRDA:30,5,1,0
BRDA:38,6,0,0
BRDA:38,6,1,0
BRDA:39,7,0,0
BRDA:39,7,1,0
BRDA:42,8,0,0
BRDA:42,8,1,0
BRDA:45,9,0,0
BRDA:45,9,1,0
BRDA:63,10,0,1
BRDA:63,10,1,2
BRDA:63,11,0,3
BRDA:63,11,1,1
BRDA:67,12,0,1
BRDA:67,12,1,1
BRDA:79,13,0,1
BRDA:79,13,1,0
BRDA:89,14,0,1
BRDA:89,14,1,0
BRDA:90,15,0,1
BRDA:90,15,1,1
BRF:32
BRH:12
end_of_record
TN:
SF:src\components\MessagesPage\components\Message\Message.jsx
FN:4,(anonymous_0)
FNF:1
FNH:1
FNDA:3,(anonymous_0)
DA:5,3
LF:1
LH:1
BRDA:6,0,0,1
BRDA:6,0,1,2
BRF:2
BRH:2
end_of_record
TN:
SF:src\components\MessagesPage\components\Send\Send.jsx
FN:6,(anonymous_0)
FNF:1
FNH:1
FNDA:1,(anonymous_0)
DA:7,1
LF:1
LH:1
BRF:0
BRH:0
end_of_record
TN:
SF:src\components\MessagesPage\components\Send\Button\Button.jsx
FN:5,(anonymous_0)
FNF:1
FNH:1
FNDA:3,(anonymous_0)
DA:6,3
LF:1
LH:1
BRF:0
BRH:0
end_of_record
TN:
SF:src\components\MessagesPage\components\Send\Textarea\Textarea.jsx
FN:7,(anonymous_0)
FN:9,(anonymous_1)
FNF:2
FNH:2
FNDA:1,(anonymous_0)
FNDA:1,(anonymous_1)
DA:8,1
DA:9,1
DA:10,1
DA:12,1
DA:13,1
LF:5
LH:5
BRF:0
BRH:0
end_of_record
TN:
SF:src\store\msgReducer.jsx
FN:5,(anonymous_0)
FN:10,(anonymous_1)
FN:15,(anonymous_2)
FN:20,(anonymous_3)
FN:25,(anonymous_4)
FNF:5
FNH:5
FNDA:1,(anonymous_0)
FNDA:1,(anonymous_1)
FNDA:1,(anonymous_2)
FNDA:1,(anonymous_3)
FNDA:5,(anonymous_4)
DA:1,2
DA:5,2
DA:10,2
DA:15,2
DA:20,2
DA:25,2
DA:26,5
DA:28,1
DA:35,1
DA:36,1
DA:40,1
DA:41,1
DA:45,1
DA:49,1
LF:14
LH:14
BRDA:25,0,0,1
BRDA:26,1,0,1
BRDA:26,1,1,1
BRDA:26,1,2,1
BRDA:26,1,3,1
BRDA:26,1,4,1
BRF:6
BRH:6
end_of_record
